2017-11-08 23:22:26,858 0    [main] WARN  org.hibernate.engine.jdbc.connections.internal.DriverManagerConnectionProviderImpl  - HHH000402: Using Hibernate built-in connection pool (not for production use!)
2017-11-08 23:29:29,181 0    [main] WARN  org.hibernate.engine.jdbc.connections.internal.DriverManagerConnectionProviderImpl  - HHH000402: Using Hibernate built-in connection pool (not for production use!)
2017-11-08 23:34:39,671 0    [main] WARN  org.hibernate.engine.jdbc.connections.internal.DriverManagerConnectionProviderImpl  - HHH000402: Using Hibernate built-in connection pool (not for production use!)
2017-11-08 23:42:52,822 0    [main] WARN  org.hibernate.engine.jdbc.connections.internal.DriverManagerConnectionProviderImpl  - HHH000402: Using Hibernate built-in connection pool (not for production use!)
2017-11-08 23:43:40,103 0    [main] WARN  org.hibernate.engine.jdbc.connections.internal.DriverManagerConnectionProviderImpl  - HHH000402: Using Hibernate built-in connection pool (not for production use!)
2017-11-08 23:43:53,565 0    [main] WARN  org.hibernate.engine.jdbc.connections.internal.DriverManagerConnectionProviderImpl  - HHH000402: Using Hibernate built-in connection pool (not for production use!)
2017-11-08 23:44:19,563 0    [main] WARN  org.hibernate.engine.jdbc.connections.internal.DriverManagerConnectionProviderImpl  - HHH000402: Using Hibernate built-in connection pool (not for production use!)
2017-11-08 23:44:49,794 0    [main] WARN  org.hibernate.engine.jdbc.connections.internal.DriverManagerConnectionProviderImpl  - HHH000402: Using Hibernate built-in connection pool (not for production use!)
2017-11-08 23:46:15,268 0    [main] WARN  org.hibernate.engine.jdbc.connections.internal.DriverManagerConnectionProviderImpl  - HHH000402: Using Hibernate built-in connection pool (not for production use!)
2017-11-08 23:46:53,157 0    [main] WARN  org.hibernate.engine.jdbc.connections.internal.DriverManagerConnectionProviderImpl  - HHH000402: Using Hibernate built-in connection pool (not for production use!)
2017-11-08 23:50:42,591 0    [main] WARN  org.hibernate.engine.jdbc.connections.internal.DriverManagerConnectionProviderImpl  - HHH000402: Using Hibernate built-in connection pool (not for production use!)
2017-11-09 12:33:35,008 0    [main] WARN  org.hibernate.engine.jdbc.connections.internal.DriverManagerConnectionProviderImpl  - HHH000402: Using Hibernate built-in connection pool (not for production use!)
2017-11-09 13:00:01,527 1    [main] WARN  org.hibernate.engine.jdbc.connections.internal.DriverManagerConnectionProviderImpl  - HHH000402: Using Hibernate built-in connection pool (not for production use!)
2017-11-09 13:30:08,534 0    [main] WARN  org.hibernate.engine.jdbc.connections.internal.DriverManagerConnectionProviderImpl  - HHH000402: Using Hibernate built-in connection pool (not for production use!)
2017-11-09 13:30:15,223 0    [http-nio-8080-exec-5] WARN  org.hibernate.engine.jdbc.connections.internal.DriverManagerConnectionProviderImpl  - HHH000402: Using Hibernate built-in connection pool (not for production use!)
2017-11-09 13:30:49,910 0    [main] WARN  org.hibernate.engine.jdbc.connections.internal.DriverManagerConnectionProviderImpl  - HHH000402: Using Hibernate built-in connection pool (not for production use!)
2017-11-09 13:30:56,456 0    [http-nio-8080-exec-5] WARN  org.hibernate.engine.jdbc.connections.internal.DriverManagerConnectionProviderImpl  - HHH000402: Using Hibernate built-in connection pool (not for production use!)
2017-11-09 13:32:44,183 0    [main] WARN  org.hibernate.engine.jdbc.connections.internal.DriverManagerConnectionProviderImpl  - HHH000402: Using Hibernate built-in connection pool (not for production use!)
2017-11-09 13:33:03,461 0    [http-nio-8080-exec-6] WARN  org.hibernate.engine.jdbc.connections.internal.DriverManagerConnectionProviderImpl  - HHH000402: Using Hibernate built-in connection pool (not for production use!)
2017-11-09 13:33:54,887 0    [main] WARN  org.hibernate.engine.jdbc.connections.internal.DriverManagerConnectionProviderImpl  - HHH000402: Using Hibernate built-in connection pool (not for production use!)
2017-11-09 13:34:12,911 0    [http-nio-8080-exec-6] WARN  org.hibernate.engine.jdbc.connections.internal.DriverManagerConnectionProviderImpl  - HHH000402: Using Hibernate built-in connection pool (not for production use!)
2017-11-09 14:09:10,134 0    [main] WARN  org.hibernate.engine.jdbc.connections.internal.DriverManagerConnectionProviderImpl  - HHH000402: Using Hibernate built-in connection pool (not for production use!)
2017-11-09 14:09:14,308 4174 [main] ERROR edu.matc.teamtriviaapi.persistence.CategoryDAO  - Error updating category
org.hibernate.StaleStateException: Batch update returned unexpected row count from update [0]; actual row count: 0; expected: 1
	at org.hibernate.jdbc.Expectations$BasicExpectation.checkBatched(Expectations.java:81)
	at org.hibernate.jdbc.Expectations$BasicExpectation.verifyOutcome(Expectations.java:73)
	at org.hibernate.engine.jdbc.batch.internal.NonBatchingBatch.addToBatch(NonBatchingBatch.java:63)
	at org.hibernate.persister.entity.AbstractEntityPersister.update(AbstractEntityPersister.java:3281)
	at org.hibernate.persister.entity.AbstractEntityPersister.updateOrInsert(AbstractEntityPersister.java:3183)
	at org.hibernate.persister.entity.AbstractEntityPersister.update(AbstractEntityPersister.java:3525)
	at org.hibernate.action.internal.EntityUpdateAction.execute(EntityUpdateAction.java:159)
	at org.hibernate.engine.spi.ActionQueue.executeActions(ActionQueue.java:465)
	at org.hibernate.engine.spi.ActionQueue.executeActions(ActionQueue.java:351)
	at org.hibernate.event.internal.AbstractFlushingEventListener.performExecutions(AbstractFlushingEventListener.java:350)
	at org.hibernate.event.internal.DefaultFlushEventListener.onFlush(DefaultFlushEventListener.java:56)
	at org.hibernate.internal.SessionImpl.flush(SessionImpl.java:1258)
	at org.hibernate.internal.SessionImpl.managedFlush(SessionImpl.java:425)
	at org.hibernate.engine.transaction.internal.jdbc.JdbcTransaction.beforeTransactionCommit(JdbcTransaction.java:101)
	at org.hibernate.engine.transaction.spi.AbstractTransactionImpl.commit(AbstractTransactionImpl.java:177)
	at edu.matc.teamtriviaapi.persistence.CategoryDAO.updateCategory(CategoryDAO.java:101)
	at edu.matc.teamtriviaapi.persistence.CategoryDAOTest.updateCategory(CategoryDAOTest.java:83)
	at sun.reflect.NativeMethodAccessorImpl.invoke0(Native Method)
	at sun.reflect.NativeMethodAccessorImpl.invoke(NativeMethodAccessorImpl.java:62)
	at sun.reflect.DelegatingMethodAccessorImpl.invoke(DelegatingMethodAccessorImpl.java:43)
	at java.lang.reflect.Method.invoke(Method.java:498)
	at org.junit.runners.model.FrameworkMethod$1.runReflectiveCall(FrameworkMethod.java:50)
	at org.junit.internal.runners.model.ReflectiveCallable.run(ReflectiveCallable.java:12)
	at org.junit.runners.model.FrameworkMethod.invokeExplosively(FrameworkMethod.java:47)
	at org.junit.internal.runners.statements.InvokeMethod.evaluate(InvokeMethod.java:17)
	at org.junit.internal.runners.statements.RunBefores.evaluate(RunBefores.java:26)
	at org.junit.internal.runners.statements.RunAfters.evaluate(RunAfters.java:27)
	at org.junit.runners.ParentRunner.runLeaf(ParentRunner.java:325)
	at org.junit.runners.BlockJUnit4ClassRunner.runChild(BlockJUnit4ClassRunner.java:78)
	at org.junit.runners.BlockJUnit4ClassRunner.runChild(BlockJUnit4ClassRunner.java:57)
	at org.junit.runners.ParentRunner$3.run(ParentRunner.java:290)
	at org.junit.runners.ParentRunner$1.schedule(ParentRunner.java:71)
	at org.junit.runners.ParentRunner.runChildren(ParentRunner.java:288)
	at org.junit.runners.ParentRunner.access$000(ParentRunner.java:58)
	at org.junit.runners.ParentRunner$2.evaluate(ParentRunner.java:268)
	at org.junit.runners.ParentRunner.run(ParentRunner.java:363)
	at org.apache.maven.surefire.junit4.JUnit4Provider.execute(JUnit4Provider.java:252)
	at org.apache.maven.surefire.junit4.JUnit4Provider.executeTestSet(JUnit4Provider.java:141)
	at org.apache.maven.surefire.junit4.JUnit4Provider.invoke(JUnit4Provider.java:112)
	at sun.reflect.NativeMethodAccessorImpl.invoke0(Native Method)
	at sun.reflect.NativeMethodAccessorImpl.invoke(NativeMethodAccessorImpl.java:62)
	at sun.reflect.DelegatingMethodAccessorImpl.invoke(DelegatingMethodAccessorImpl.java:43)
	at java.lang.reflect.Method.invoke(Method.java:498)
	at org.apache.maven.surefire.util.ReflectionUtils.invokeMethodWithArray(ReflectionUtils.java:189)
	at org.apache.maven.surefire.booter.ProviderFactory$ProviderProxy.invoke(ProviderFactory.java:165)
	at org.apache.maven.surefire.booter.ProviderFactory.invokeProvider(ProviderFactory.java:85)
	at org.apache.maven.surefire.booter.ForkedBooter.runSuitesInProcess(ForkedBooter.java:115)
	at org.apache.maven.surefire.booter.ForkedBooter.main(ForkedBooter.java:75)
2017-11-09 14:14:53,843 0    [main] WARN  org.hibernate.engine.jdbc.connections.internal.DriverManagerConnectionProviderImpl  - HHH000402: Using Hibernate built-in connection pool (not for production use!)
2017-11-09 14:14:55,036 1193 [main] ERROR org.hibernate.tool.hbm2ddl.SchemaExport  - HHH000389: Unsuccessful: alter table question drop foreign key FK_mtdhmums76ymhxujd7ol2hebg
2017-11-09 14:14:55,036 1193 [main] ERROR org.hibernate.tool.hbm2ddl.SchemaExport  - Can't DROP 'FK_mtdhmums76ymhxujd7ol2hebg'; check that column/key exists
2017-11-09 14:14:55,084 1241 [main] ERROR org.hibernate.tool.hbm2ddl.SchemaExport  - HHH000389: Unsuccessful: alter table question drop foreign key FK_9r32wmmni8x0il8xebcv23jyf
2017-11-09 14:14:55,084 1241 [main] ERROR org.hibernate.tool.hbm2ddl.SchemaExport  - Can't DROP 'FK_9r32wmmni8x0il8xebcv23jyf'; check that column/key exists
2017-11-09 14:14:55,137 1294 [main] ERROR org.hibernate.tool.hbm2ddl.SchemaExport  - HHH000389: Unsuccessful: alter table question drop foreign key FK_j5ufua065vky7s4dqcs5fg860
2017-11-09 14:14:55,137 1294 [main] ERROR org.hibernate.tool.hbm2ddl.SchemaExport  - Can't DROP 'FK_j5ufua065vky7s4dqcs5fg860'; check that column/key exists
2017-11-09 14:14:55,329 1486 [main] ERROR org.hibernate.tool.hbm2ddl.SchemaExport  - HHH000389: Unsuccessful: drop table if exists Category
2017-11-09 14:14:55,329 1486 [main] ERROR org.hibernate.tool.hbm2ddl.SchemaExport  - Cannot delete or update a parent row: a foreign key constraint fails
2017-11-09 14:14:55,461 1618 [main] ERROR org.hibernate.tool.hbm2ddl.SchemaExport  - HHH000389: Unsuccessful: drop table if exists Difficulty
2017-11-09 14:14:55,461 1618 [main] ERROR org.hibernate.tool.hbm2ddl.SchemaExport  - Cannot delete or update a parent row: a foreign key constraint fails
2017-11-09 14:14:55,585 1742 [main] ERROR org.hibernate.tool.hbm2ddl.SchemaExport  - HHH000389: Unsuccessful: drop table if exists Type
2017-11-09 14:14:55,585 1742 [main] ERROR org.hibernate.tool.hbm2ddl.SchemaExport  - Cannot delete or update a parent row: a foreign key constraint fails
2017-11-09 14:14:55,953 2110 [main] ERROR org.hibernate.tool.hbm2ddl.SchemaExport  - HHH000389: Unsuccessful: create table Category (CategoryID integer not null, CategoryName varchar(255), primary key (CategoryID))
2017-11-09 14:14:55,953 2110 [main] ERROR org.hibernate.tool.hbm2ddl.SchemaExport  - Table 'category' already exists
2017-11-09 14:14:56,029 2186 [main] ERROR org.hibernate.tool.hbm2ddl.SchemaExport  - HHH000389: Unsuccessful: create table Difficulty (DifficultyID integer not null, DifficultyName varchar(255), primary key (DifficultyID))
2017-11-09 14:14:56,029 2186 [main] ERROR org.hibernate.tool.hbm2ddl.SchemaExport  - Table 'difficulty' already exists
2017-11-09 14:14:56,110 2267 [main] ERROR org.hibernate.tool.hbm2ddl.SchemaExport  - HHH000389: Unsuccessful: create table Type (TypeID integer not null, TypeName varchar(255), primary key (TypeID))
2017-11-09 14:14:56,110 2267 [main] ERROR org.hibernate.tool.hbm2ddl.SchemaExport  - Table 'type' already exists
2017-11-09 14:14:59,936 6093 [main] ERROR org.hibernate.tool.hbm2ddl.SchemaExport  - HHH000388: Unsuccessful: DROP TABLE IF EXISTS `Category`
2017-11-09 14:14:59,936 6093 [main] ERROR org.hibernate.tool.hbm2ddl.SchemaExport  - Cannot delete or update a parent row: a foreign key constraint fails
2017-11-09 14:15:00,036 6193 [main] ERROR org.hibernate.tool.hbm2ddl.SchemaExport  - HHH000388: Unsuccessful: CREATE TABLE `Category` (
  `CategoryID` int(11) NOT NULL,
  `CategoryName` varchar(255) NOT NULL,
  PRIMARY KEY (`CategoryID`)
) ENGINE=InnoDB DEFAULT CHARSET=latin1
2017-11-09 14:15:00,036 6193 [main] ERROR org.hibernate.tool.hbm2ddl.SchemaExport  - Table 'category' already exists
2017-11-09 14:15:00,200 6357 [main] ERROR org.hibernate.tool.hbm2ddl.SchemaExport  - HHH000388: Unsuccessful: DROP TABLE IF EXISTS `Difficulty`
2017-11-09 14:15:00,200 6357 [main] ERROR org.hibernate.tool.hbm2ddl.SchemaExport  - Cannot delete or update a parent row: a foreign key constraint fails
2017-11-09 14:15:00,417 6574 [main] ERROR org.hibernate.tool.hbm2ddl.SchemaExport  - HHH000388: Unsuccessful: CREATE TABLE `Difficulty` (
  `DifficultyID` int(11) NOT NULL,
  `DifficultyName` varchar(255) NOT NULL,
  PRIMARY KEY (`DifficultyID`)
) ENGINE=InnoDB DEFAULT CHARSET=latin1
2017-11-09 14:15:00,418 6575 [main] ERROR org.hibernate.tool.hbm2ddl.SchemaExport  - Table 'difficulty' already exists
2017-11-09 14:15:01,595 7752 [main] ERROR org.hibernate.tool.hbm2ddl.SchemaExport  - HHH000388: Unsuccessful: DROP TABLE IF EXISTS `Type`
2017-11-09 14:15:01,595 7752 [main] ERROR org.hibernate.tool.hbm2ddl.SchemaExport  - Cannot delete or update a parent row: a foreign key constraint fails
2017-11-09 14:15:01,795 7952 [main] ERROR org.hibernate.tool.hbm2ddl.SchemaExport  - HHH000388: Unsuccessful: CREATE TABLE `Type` (
  `TypeID` int(11) NOT NULL,
  `TypeName` varchar(255) NOT NULL,
  PRIMARY KEY (`TypeID`)
) ENGINE=InnoDB DEFAULT CHARSET=latin1
2017-11-09 14:15:01,795 7952 [main] ERROR org.hibernate.tool.hbm2ddl.SchemaExport  - Table 'type' already exists
2017-11-09 14:15:02,363 8520 [main] ERROR edu.matc.teamtriviaapi.persistence.CategoryDAO  - Error updating category
org.hibernate.StaleStateException: Batch update returned unexpected row count from update [0]; actual row count: 0; expected: 1
	at org.hibernate.jdbc.Expectations$BasicExpectation.checkBatched(Expectations.java:81)
	at org.hibernate.jdbc.Expectations$BasicExpectation.verifyOutcome(Expectations.java:73)
	at org.hibernate.engine.jdbc.batch.internal.NonBatchingBatch.addToBatch(NonBatchingBatch.java:63)
	at org.hibernate.persister.entity.AbstractEntityPersister.update(AbstractEntityPersister.java:3281)
	at org.hibernate.persister.entity.AbstractEntityPersister.updateOrInsert(AbstractEntityPersister.java:3183)
	at org.hibernate.persister.entity.AbstractEntityPersister.update(AbstractEntityPersister.java:3525)
	at org.hibernate.action.internal.EntityUpdateAction.execute(EntityUpdateAction.java:159)
	at org.hibernate.engine.spi.ActionQueue.executeActions(ActionQueue.java:465)
	at org.hibernate.engine.spi.ActionQueue.executeActions(ActionQueue.java:351)
	at org.hibernate.event.internal.AbstractFlushingEventListener.performExecutions(AbstractFlushingEventListener.java:350)
	at org.hibernate.event.internal.DefaultFlushEventListener.onFlush(DefaultFlushEventListener.java:56)
	at org.hibernate.internal.SessionImpl.flush(SessionImpl.java:1258)
	at org.hibernate.internal.SessionImpl.managedFlush(SessionImpl.java:425)
	at org.hibernate.engine.transaction.internal.jdbc.JdbcTransaction.beforeTransactionCommit(JdbcTransaction.java:101)
	at org.hibernate.engine.transaction.spi.AbstractTransactionImpl.commit(AbstractTransactionImpl.java:177)
	at edu.matc.teamtriviaapi.persistence.CategoryDAO.updateCategory(CategoryDAO.java:101)
	at edu.matc.teamtriviaapi.persistence.CategoryDAOTest.updateCategory(CategoryDAOTest.java:83)
	at sun.reflect.NativeMethodAccessorImpl.invoke0(Native Method)
	at sun.reflect.NativeMethodAccessorImpl.invoke(NativeMethodAccessorImpl.java:62)
	at sun.reflect.DelegatingMethodAccessorImpl.invoke(DelegatingMethodAccessorImpl.java:43)
	at java.lang.reflect.Method.invoke(Method.java:498)
	at org.junit.runners.model.FrameworkMethod$1.runReflectiveCall(FrameworkMethod.java:50)
	at org.junit.internal.runners.model.ReflectiveCallable.run(ReflectiveCallable.java:12)
	at org.junit.runners.model.FrameworkMethod.invokeExplosively(FrameworkMethod.java:47)
	at org.junit.internal.runners.statements.InvokeMethod.evaluate(InvokeMethod.java:17)
	at org.junit.internal.runners.statements.RunBefores.evaluate(RunBefores.java:26)
	at org.junit.internal.runners.statements.RunAfters.evaluate(RunAfters.java:27)
	at org.junit.runners.ParentRunner.runLeaf(ParentRunner.java:325)
	at org.junit.runners.BlockJUnit4ClassRunner.runChild(BlockJUnit4ClassRunner.java:78)
	at org.junit.runners.BlockJUnit4ClassRunner.runChild(BlockJUnit4ClassRunner.java:57)
	at org.junit.runners.ParentRunner$3.run(ParentRunner.java:290)
	at org.junit.runners.ParentRunner$1.schedule(ParentRunner.java:71)
	at org.junit.runners.ParentRunner.runChildren(ParentRunner.java:288)
	at org.junit.runners.ParentRunner.access$000(ParentRunner.java:58)
	at org.junit.runners.ParentRunner$2.evaluate(ParentRunner.java:268)
	at org.junit.runners.ParentRunner.run(ParentRunner.java:363)
	at org.apache.maven.surefire.junit4.JUnit4Provider.execute(JUnit4Provider.java:252)
	at org.apache.maven.surefire.junit4.JUnit4Provider.executeTestSet(JUnit4Provider.java:141)
	at org.apache.maven.surefire.junit4.JUnit4Provider.invoke(JUnit4Provider.java:112)
	at sun.reflect.NativeMethodAccessorImpl.invoke0(Native Method)
	at sun.reflect.NativeMethodAccessorImpl.invoke(NativeMethodAccessorImpl.java:62)
	at sun.reflect.DelegatingMethodAccessorImpl.invoke(DelegatingMethodAccessorImpl.java:43)
	at java.lang.reflect.Method.invoke(Method.java:498)
	at org.apache.maven.surefire.util.ReflectionUtils.invokeMethodWithArray(ReflectionUtils.java:189)
	at org.apache.maven.surefire.booter.ProviderFactory$ProviderProxy.invoke(ProviderFactory.java:165)
	at org.apache.maven.surefire.booter.ProviderFactory.invokeProvider(ProviderFactory.java:85)
	at org.apache.maven.surefire.booter.ForkedBooter.runSuitesInProcess(ForkedBooter.java:115)
	at org.apache.maven.surefire.booter.ForkedBooter.main(ForkedBooter.java:75)
